<?xml version="1.0" encoding="UTF-8"?>
<!-- Generated by org.testng.reporters.JUnitReportReporter -->
<testsuite hostname="DESKTOP-2GG0O67" failures="0" tests="4" name="restAssureds.RS" time="5.360" errors="0" timestamp="2024-05-27T11:03:39 IST" skipped="0">
  <testcase classname="restAssureds.RS" name="addPlace" time="3.132"/>
  <system-out/>
  <testcase classname="restAssureds.RS" name="updatePlace" time="1.391"/>
  <system-out/>
  <testcase classname="restAssureds.RS" name="getPlace" time="0.836"/>
  <system-out/>
  <testcase classname="restAssureds.RS" name="deletePlace" time="0.001"/>
  <system-out/>
</testsuite> <!-- restAssureds.RS -->
